<?xml version="1.0" encoding="UTF-8"?>
<!-- Generated by org.testng.reporters.JUnitReportReporter -->
<testsuite hostname="Nabila" failures="0" tests="4" name="tests.TestMyAccountListAddressBooks" time="10.102" errors="0" timestamp="2022-12-08T18:36:11 EST" skipped="3">
  <testcase classname="tests.TestMyAccountListAddressBooks" name="ChangeBillingAddress" time="10.102"/>
  <system-out/>
  <testcase classname="tests.TestMyAccountListAddressBooks" name="MyAccount">
    <skipped/>
  </testcase> <!-- MyAccount -->
  <system-out/>
  <testcase classname="tests.TestMyAccountListAddressBooks" name="AddNewAddress">
    <skipped/>
  </testcase> <!-- AddNewAddress -->
  <system-out/>
  <testcase classname="tests.TestMyAccountListAddressBooks" name="ChangeShippingAddress">
    <skipped/>
  </testcase> <!-- ChangeShippingAddress -->
  <system-out/>
</testsuite> <!-- tests.TestMyAccountListAddressBooks -->
